INFO:     Started server process [1784]
INFO:     Waiting for application startup.
INFO:     Application startup complete.
INFO:     Uvicorn running on http://0.0.0.0:8000 (Press CTRL+C to quit)
INFO:     ('127.0.0.1', 65097) - "WebSocket /ws/storage" [accepted]
INFO:     connection open
INFO:     ('127.0.0.1', 59991) - "WebSocket /ws/messages/admin-1" [accepted]
INFO:     connection open
INFO:     ('192.168.1.175', 53560) - "WebSocket /ws/storage" [accepted]
INFO:     connection open
INFO:     ('192.168.1.175', 53562) - "WebSocket /ws/messages/volunteer-1" [accepted]
INFO:     connection open
INFO:     connection closed
INFO:     connection closed
INFO:     connection closed
INFO:     connection closed
INFO:     ('127.0.0.1', 58530) - "WebSocket /ws/messages/admin-1" [accepted]
INFO:     connection open
INFO:     ('127.0.0.1', 50135) - "WebSocket /ws/storage" [accepted]
INFO:     connection open
INFO:     connection closed
INFO:     connection closed
INFO:     ('127.0.0.1', 59042) - "WebSocket /ws/storage" [accepted]
INFO:     connection open
INFO:     ('127.0.0.1', 61217) - "WebSocket /ws/messages/admin-1" [accepted]
INFO:     connection open
INFO:     connection closed
INFO:     connection closed
INFO:     ('127.0.0.1', 54492) - "WebSocket /ws/messages/admin-1" [accepted]
INFO:     connection open
INFO:     ('127.0.0.1', 55949) - "WebSocket /ws/storage" [accepted]
INFO:     connection open
INFO:     ('127.0.0.1', 63125) - "WebSocket /ws/storage" [accepted]
INFO:     connection open
INFO:     ('127.0.0.1', 62850) - "WebSocket /ws/messages/admin-1" [accepted]
INFO:     connection open
INFO:     connection closed
INFO:     connection closed
INFO:     ('192.168.1.175', 42718) - "WebSocket /ws/storage" [accepted]
INFO:     connection open
INFO:     ('192.168.1.175', 42726) - "WebSocket /ws/messages/volunteer-1" [accepted]
INFO:     connection open
INFO:     ('192.168.1.175', 39264) - "WebSocket /ws/storage" [accepted]
INFO:     connection open
INFO:     ('192.168.1.175', 49756) - "WebSocket /ws/storage" [accepted]
INFO:     connection open
INFO:     ('192.168.1.175', 49766) - "WebSocket /ws/messages/volunteer-1" [accepted]
INFO:     connection open
INFO:     ('127.0.0.1', 55536) - "WebSocket /ws/storage" [accepted]
INFO:     connection open
INFO:     ('127.0.0.1', 55660) - "WebSocket /ws/messages/admin-1" [accepted]
INFO:     connection open
INFO:     ('192.168.1.175', 56848) - "WebSocket /ws/storage" [accepted]
INFO:     connection open
INFO:     ('127.0.0.1', 62992) - "WebSocket /ws/storage" [accepted]
INFO:     connection open
INFO:     connection closed
INFO:     connection closed
INFO:     connection closed
INFO:     connection closed
INFO:     connection closed
INFO:     connection closed
INFO:     connection closed
INFO:     connection closed
INFO:     connection closed
INFO:     connection closed
INFO:     connection closed
INFO:     ('192.168.1.175', 48052) - "WebSocket /ws/storage" [accepted]
INFO:     connection open
INFO:     connection closed
INFO:     ('192.168.1.175', 50442) - "WebSocket /ws/storage" [accepted]
INFO:     connection open
INFO:     ('127.0.0.1', 50604) - "WebSocket /ws/storage" [accepted]
INFO:     connection open
INFO:     ('127.0.0.1', 52836) - "WebSocket /ws/messages/admin-1" [accepted]
INFO:     connection open
INFO:     ('192.168.1.175', 44000) - "WebSocket /ws/messages/volunteer-1" [accepted]
INFO:     ('192.168.1.175', 43998) - "WebSocket /ws/storage" [accepted]
INFO:     connection open
INFO:     connection open
INFO:     connection closed
INFO:     ('127.0.0.1', 49672) - "WebSocket /ws/storage" [accepted]
INFO:     connection open
INFO:     ('127.0.0.1', 59881) - "WebSocket /ws/messages/admin-1" [accepted]
INFO:     connection open
INFO:     ('192.168.1.175', 60588) - "WebSocket /ws/storage" [accepted]
INFO:     connection open
INFO:     ('192.168.1.175', 60610) - "WebSocket /ws/messages/volunteer-1" [accepted]
INFO:     connection open
INFO:     ('127.0.0.1', 54583) - "WebSocket /ws/storage" [accepted]
INFO:     connection open
INFO:     ('127.0.0.1', 51544) - "WebSocket /ws/storage" [accepted]
INFO:     connection open
INFO:     connection closed
INFO:     connection closed
INFO:     connection closed
INFO:     connection closed
INFO:     connection closed
INFO:     connection closed
ERROR:    data transfer failed
Traceback (most recent call last):
  File "C:\Users\ACER\AppData\Roaming\Python\Python314\site-packages\websockets\legacy\protocol.py", line 940, in transfer_data
    message = await self.read_message()
              ^^^^^^^^^^^^^^^^^^^^^^^^^
  File "C:\Users\ACER\AppData\Roaming\Python\Python314\site-packages\websockets\legacy\protocol.py", line 1010, in read_message
    frame = await self.read_data_frame(max_size=self.max_size)
            ^^^^^^^^^^^^^^^^^^^^^^^^^^^^^^^^^^^^^^^^^^^^^^^^^^
  File "C:\Users\ACER\AppData\Roaming\Python\Python314\site-packages\websockets\legacy\protocol.py", line 1087, in read_data_frame
    frame = await self.read_frame(max_size)
            ^^^^^^^^^^^^^^^^^^^^^^^^^^^^^^^
  File "C:\Users\ACER\AppData\Roaming\Python\Python314\site-packages\websockets\legacy\protocol.py", line 1144, in read_frame
    frame = await Frame.read(
            ^^^^^^^^^^^^^^^^^
    ...<4 lines>...
    )
    ^
  File "C:\Users\ACER\AppData\Roaming\Python\Python314\site-packages\websockets\legacy\framing.py", line 70, in read
    data = await reader(2)
           ^^^^^^^^^^^^^^^
  File "C:\Python314\Lib\asyncio\streams.py", line 769, in readexactly
    await self._wait_for_data('readexactly')
  File "C:\Python314\Lib\asyncio\streams.py", line 539, in _wait_for_data
    await self._waiter
  File "C:\Python314\Lib\asyncio\proactor_events.py", line 286, in _loop_reading
    length = fut.result()
  File "C:\Python314\Lib\asyncio\windows_events.py", line 804, in _poll
    value = callback(transferred, key, ov)
  File "C:\Python314\Lib\asyncio\windows_events.py", line 463, in finish_socket_func
    return ov.getresult()
           ~~~~~~~~~~~~^^
OSError: [WinError 121] The semaphore timeout period has expired
INFO:     connection closed
ERROR:    data transfer failed
Traceback (most recent call last):
  File "C:\Users\ACER\AppData\Roaming\Python\Python314\site-packages\websockets\legacy\protocol.py", line 940, in transfer_data
    message = await self.read_message()
              ^^^^^^^^^^^^^^^^^^^^^^^^^
  File "C:\Users\ACER\AppData\Roaming\Python\Python314\site-packages\websockets\legacy\protocol.py", line 1010, in read_message
    frame = await self.read_data_frame(max_size=self.max_size)
            ^^^^^^^^^^^^^^^^^^^^^^^^^^^^^^^^^^^^^^^^^^^^^^^^^^
  File "C:\Users\ACER\AppData\Roaming\Python\Python314\site-packages\websockets\legacy\protocol.py", line 1087, in read_data_frame
    frame = await self.read_frame(max_size)
            ^^^^^^^^^^^^^^^^^^^^^^^^^^^^^^^
  File "C:\Users\ACER\AppData\Roaming\Python\Python314\site-packages\websockets\legacy\protocol.py", line 1144, in read_frame
    frame = await Frame.read(
            ^^^^^^^^^^^^^^^^^
    ...<4 lines>...
    )
    ^
  File "C:\Users\ACER\AppData\Roaming\Python\Python314\site-packages\websockets\legacy\framing.py", line 70, in read
    data = await reader(2)
           ^^^^^^^^^^^^^^^
  File "C:\Python314\Lib\asyncio\streams.py", line 769, in readexactly
    await self._wait_for_data('readexactly')
  File "C:\Python314\Lib\asyncio\streams.py", line 539, in _wait_for_data
    await self._waiter
  File "C:\Python314\Lib\asyncio\proactor_events.py", line 286, in _loop_reading
    length = fut.result()
  File "C:\Python314\Lib\asyncio\windows_events.py", line 804, in _poll
    value = callback(transferred, key, ov)
  File "C:\Python314\Lib\asyncio\windows_events.py", line 463, in finish_socket_func
    return ov.getresult()
           ~~~~~~~~~~~~^^
OSError: [WinError 121] The semaphore timeout period has expired
INFO:     connection closed
ERROR:    data transfer failed
Traceback (most recent call last):
  File "C:\Users\ACER\AppData\Roaming\Python\Python314\site-packages\websockets\legacy\protocol.py", line 940, in transfer_data
    message = await self.read_message()
              ^^^^^^^^^^^^^^^^^^^^^^^^^
  File "C:\Users\ACER\AppData\Roaming\Python\Python314\site-packages\websockets\legacy\protocol.py", line 1010, in read_message
    frame = await self.read_data_frame(max_size=self.max_size)
            ^^^^^^^^^^^^^^^^^^^^^^^^^^^^^^^^^^^^^^^^^^^^^^^^^^
  File "C:\Users\ACER\AppData\Roaming\Python\Python314\site-packages\websockets\legacy\protocol.py", line 1087, in read_data_frame
    frame = await self.read_frame(max_size)
            ^^^^^^^^^^^^^^^^^^^^^^^^^^^^^^^
  File "C:\Users\ACER\AppData\Roaming\Python\Python314\site-packages\websockets\legacy\protocol.py", line 1144, in read_frame
    frame = await Frame.read(
            ^^^^^^^^^^^^^^^^^
    ...<4 lines>...
    )
    ^
  File "C:\Users\ACER\AppData\Roaming\Python\Python314\site-packages\websockets\legacy\framing.py", line 70, in read
    data = await reader(2)
           ^^^^^^^^^^^^^^^
  File "C:\Python314\Lib\asyncio\streams.py", line 769, in readexactly
    await self._wait_for_data('readexactly')
  File "C:\Python314\Lib\asyncio\streams.py", line 539, in _wait_for_data
    await self._waiter
  File "C:\Python314\Lib\asyncio\proactor_events.py", line 286, in _loop_reading
    length = fut.result()
  File "C:\Python314\Lib\asyncio\windows_events.py", line 804, in _poll
    value = callback(transferred, key, ov)
  File "C:\Python314\Lib\asyncio\windows_events.py", line 463, in finish_socket_func
    return ov.getresult()
           ~~~~~~~~~~~~^^
OSError: [WinError 121] The semaphore timeout period has expired
INFO:     connection closed
ERROR:    data transfer failed
Traceback (most recent call last):
  File "C:\Users\ACER\AppData\Roaming\Python\Python314\site-packages\websockets\legacy\protocol.py", line 940, in transfer_data
    message = await self.read_message()
              ^^^^^^^^^^^^^^^^^^^^^^^^^
  File "C:\Users\ACER\AppData\Roaming\Python\Python314\site-packages\websockets\legacy\protocol.py", line 1010, in read_message
    frame = await self.read_data_frame(max_size=self.max_size)
            ^^^^^^^^^^^^^^^^^^^^^^^^^^^^^^^^^^^^^^^^^^^^^^^^^^
  File "C:\Users\ACER\AppData\Roaming\Python\Python314\site-packages\websockets\legacy\protocol.py", line 1087, in read_data_frame
    frame = await self.read_frame(max_size)
            ^^^^^^^^^^^^^^^^^^^^^^^^^^^^^^^
  File "C:\Users\ACER\AppData\Roaming\Python\Python314\site-packages\websockets\legacy\protocol.py", line 1144, in read_frame
    frame = await Frame.read(
            ^^^^^^^^^^^^^^^^^
    ...<4 lines>...
    )
    ^
  File "C:\Users\ACER\AppData\Roaming\Python\Python314\site-packages\websockets\legacy\framing.py", line 70, in read
    data = await reader(2)
           ^^^^^^^^^^^^^^^
  File "C:\Python314\Lib\asyncio\streams.py", line 769, in readexactly
    await self._wait_for_data('readexactly')
  File "C:\Python314\Lib\asyncio\streams.py", line 539, in _wait_for_data
    await self._waiter
  File "C:\Python314\Lib\asyncio\proactor_events.py", line 286, in _loop_reading
    length = fut.result()
  File "C:\Python314\Lib\asyncio\windows_events.py", line 804, in _poll
    value = callback(transferred, key, ov)
  File "C:\Python314\Lib\asyncio\windows_events.py", line 463, in finish_socket_func
    return ov.getresult()
           ~~~~~~~~~~~~^^
OSError: [WinError 121] The semaphore timeout period has expired
INFO:     connection closed
INFO:     ('127.0.0.1', 60198) - "WebSocket /ws/storage" [accepted]
INFO:     connection open
INFO:     ('127.0.0.1', 64448) - "WebSocket /ws/messages/admin-1" [accepted]
INFO:     connection open
INFO:     connection closed
INFO:     connection closed
INFO:     ('127.0.0.1', 63385) - "WebSocket /ws/storage" [accepted]
INFO:     connection open
INFO:     ('127.0.0.1', 65530) - "WebSocket /ws/messages/admin-1" [accepted]
INFO:     connection open
INFO:     ('192.168.1.9', 39348) - "WebSocket /ws/storage" [accepted]
INFO:     connection open
INFO:     ('192.168.1.9', 39374) - "WebSocket /ws/messages/volunteer-1" [accepted]
INFO:     connection open
INFO:     connection closed
INFO:     connection closed
INFO:     connection closed
INFO:     connection closed
INFO:     ('127.0.0.1', 63805) - "WebSocket /ws/storage" [accepted]
INFO:     connection open
INFO:     ('127.0.0.1', 65384) - "WebSocket /ws/messages/admin-1" [accepted]
INFO:     connection open
INFO:     ('127.0.0.1', 51176) - "WebSocket /ws/storage" [accepted]
INFO:     connection open
INFO:     connection closed
INFO:     connection closed
INFO:     connection closed
INFO:     ('127.0.0.1', 65286) - "WebSocket /ws/storage" [accepted]
INFO:     connection open
INFO:     ('127.0.0.1', 49377) - "WebSocket /ws/messages/admin-1" [accepted]
INFO:     connection open
INFO:     ('127.0.0.1', 60827) - "WebSocket /ws/storage" [accepted]
INFO:     connection open
INFO:     ('127.0.0.1', 53171) - "WebSocket /ws/messages/admin-1" [accepted]
INFO:     connection open
INFO:     connection closed
INFO:     connection closed
INFO:     ('192.168.1.9', 54320) - "WebSocket /ws/storage" [accepted]
INFO:     connection open
INFO:     ('192.168.1.9', 54322) - "WebSocket /ws/messages/volunteer-1" [accepted]
INFO:     connection open
INFO:     ('192.168.1.9', 54630) - "WebSocket /ws/storage" [accepted]
INFO:     connection open
INFO:     connection closed
INFO:     connection closed
INFO:     connection closed
INFO:     ('192.168.1.9', 54672) - "WebSocket /ws/storage" [accepted]
INFO:     connection open
INFO:     connection closed
INFO:     ('127.0.0.1', 52045) - "WebSocket /ws/storage" [accepted]
INFO:     connection open
INFO:     ('127.0.0.1', 55603) - "WebSocket /ws/messages/admin-1" [accepted]
INFO:     connection open
INFO:     connection closed
INFO:     connection closed
INFO:     ('127.0.0.1', 55500) - "WebSocket /ws/storage" [accepted]
INFO:     connection open
INFO:     ('127.0.0.1', 60313) - "WebSocket /ws/storage" [accepted]
INFO:     connection open
INFO:     connection closed
INFO:     ('192.168.1.9', 56338) - "WebSocket /ws/storage" [accepted]
INFO:     connection open
INFO:     ('192.168.1.9', 59806) - "WebSocket /ws/storage" [accepted]
INFO:     ('192.168.1.9', 59808) - "WebSocket /ws/messages/volunteer-1" [accepted]
INFO:     connection open
INFO:     connection open
INFO:     connection closed
INFO:     connection closed
INFO:     connection closed
INFO:     connection closed
INFO:     connection closed
INFO:     connection closed
